#
# A fatal error has been detected by the Java Runtime Environment:
#
#  EXCEPTION_ACCESS_VIOLATION (0xc0000005) at pc=0x00007ffe4db2cac8, pid=17152, tid=11276
#
# JRE version: OpenJDK Runtime Environment Temurin-17.0.10+7 (17.0.10+7) (build 17.0.10+7)
# Java VM: OpenJDK 64-Bit Server VM Temurin-17.0.10+7 (17.0.10+7, mixed mode, tiered, compressed oops, compressed class ptrs, parallel gc, windows-amd64)
# Problematic frame:
# V  [jvm.dll+0xcac8]
#
# No core dump will be written. Minidumps are not enabled by default on client versions of Windows
#
# If you would like to submit a bug report, please visit:
#   https://github.com/adoptium/adoptium-support/issues
#

---------------  S U M M A R Y ------------

Command Line: --add-modules=ALL-SYSTEM --add-opens=java.base/java.util=ALL-UNNAMED --add-opens=java.base/java.lang=ALL-UNNAMED --add-opens=java.base/sun.nio.fs=ALL-UNNAMED -Declipse.application=org.eclipse.jdt.ls.core.id1 -Dosgi.bundles.defaultStartLevel=4 -Declipse.product=org.eclipse.jdt.ls.core.product -Djava.import.generatesMetadataFilesAtProjectRoot=false -DDetectVMInstallationsJob.disabled=true -Dfile.encoding=utf8 -XX:+UseParallelGC -XX:GCTimeRatio=4 -XX:AdaptiveSizePolicyWeight=90 -Dsun.zip.disableMemoryMapping=true -Xmx1G -Xms100m -Xlog:disable -javaagent:c:\Users\kipru\.vscode\extensions\redhat.java-1.30.0-win32-x64\lombok\lombok-1.18.32.jar -XX:+HeapDumpOnOutOfMemoryError -XX:HeapDumpPath=c:\Users\kipru\AppData\Roaming\Code\User\workspaceStorage\350acb8c17c7b442d453b260da2a20fe\redhat.java -Daether.dependencyCollector.impl=bf c:\Users\kipru\.vscode\extensions\redhat.java-1.30.0-win32-x64\server\plugins\org.eclipse.equinox.launcher_1.6.800.v20240330-1250.jar -configuration c:\Users\kipru\AppData\Roaming\Code\User\globalStorage\redhat.java\1.30.0\config_win -data c:\Users\kipru\AppData\Roaming\Code\User\workspaceStorage\350acb8c17c7b442d453b260da2a20fe\redhat.java\jdt_ws --pipe=\\.\pipe\lsp-ebe32131da088c68359fb1d5b8a2860f-sock

Host: 11th Gen Intel(R) Core(TM) i7-1165G7 @ 2.80GHz, 8 cores, 15G,  Windows 11 , 64 bit Build 22621 (10.0.22621.3527)
Time: Wed May  8 15:03:37 2024 E. Africa Standard Time elapsed time: 4290.545213 seconds (0d 1h 11m 30s)

---------------  T H R E A D  ---------------

Current thread (0x000002623a47ca10):  GCTaskThread "GC Thread#7" [stack: 0x0000008175100000,0x0000008175200000] [id=11276]

Stack: [0x0000008175100000,0x0000008175200000],  sp=0x00000081751ffa18,  free space=1022k
Native frames: (J=compiled Java code, j=interpreted, Vv=VM code, C=native code)
V  [jvm.dll+0xcac8]


siginfo: EXCEPTION_ACCESS_VIOLATION (0xc0000005), reading address 0x00000007f8c0c0c8


Registers:
RAX=0x0000000000000001, RBX=0x00000000c226e1b8, RCX=0x0000000000000003, RDX=0x00000000c226e1b8
RSP=0x00000081751ffa18, RBP=0x00000081751ffb10, RSI=0x00000000c226a038, RDI=0x0000026233be9ff0
R8 =0x00000007f8c0c0c0, R9 =0x0000000000011370, R10=0x0000000000000047, R11=0x0000000000000003
R12=0x0000008173bff2f8, R13=0x0000000000000010, R14=0x00000001004c55e0, R15=0x00000000c226a008
RIP=0x00007ffe4db2cac8, EFLAGS=0x0000000000010206


Register to memory mapping:

RIP=0x00007ffe4db2cac8 jvm.dll
RAX=0x0000000000000001 is an unknown value
RBX=
[error occurred during error reporting (printing register info), id 0xc0000005, EXCEPTION_ACCESS_VIOLATION (0xc0000005) at pc=0x00007ffe4e1a9936]

Top of Stack: (sp=0x00000081751ffa18)
0x00000081751ffa18:   00007ffe4e1d0cc2 00000000c2269300
0x00000081751ffa28:   0000000000000007 00000081751ffb10
0x00000081751ffa38:   00007ffe4e1cfad9 0000026233be9ff0
0x00000081751ffa48:   00007ffe4e1ce572 00000000c226e1b8
0x00000081751ffa58:   00000000c246ce9c 00000000c0505da0
0x00000081751ffa68:   00007ffe4e1cf81f 00000001004c55d8
0x00000081751ffa78:   00007ffe4e1cedee 00000000c226a01c
0x00000081751ffa88:   00007ffe4e1d035e 00000000c22696d8
0x00000081751ffa98:   00000000c226972c 0000000000000000
0x00000081751ffaa8:   00007ffe4e64c7a0 000000000001406d
0x00000081751ffab8:   00007ffe4e1d06a4 00007ffe4e4d1158
0x00000081751ffac8:   0000026233be9ff0 00007ffe4e43bb90
0x00000081751ffad8:   0000000000014070 0000000000000000
0x00000081751ffae8:   00007ffe00000000 0000026233be9ff0
0x00000081751ffaf8:   00007ffe4e1ce581 00000000c21ebdf0
0x00000081751ffb08:   00000000c4b6e554 00007ffe4e4d1158
0x00000081751ffb18:   000002621de65a60 0000000100000003
0x00000081751ffb28:   0000026233be9ff0 0000000000000000
0x00000081751ffb38:   0000000000000000 0000000000000005
0x00000081751ffb48:   0000008173bff2f0 00007ffe4e64c7a0
0x00000081751ffb58:   000000000000000c 0000026233be9ff0
0x00000081751ffb68:   00007ffe4e1d8de1 000000000000000c
0x00000081751ffb78:   00020cfd0001406a 0000026233be9ff0
0x00000081751ffb88:   00007ffe4e4d1158 0000000000000000
0x00000081751ffb98:   0000000000000000 00007ffe4e4d1158
0x00000081751ffba8:   000002621de65a60 0000000000000003
0x00000081751ffbb8:   0000026233be9ff0 0000000000000005
0x00000081751ffbc8:   0000008173bff2f0 0000008173bff2b8
0x00000081751ffbd8:   0000008173bff1b0 0000008173bff1b0
0x00000081751ffbe8:   00007ffe4e1d9cfa 0000000000000005
0x00000081751ffbf8:   00000081751ffc70 00000000c21ec0d8
0x00000081751ffc08:   000002623a47ca10 0000008173bff550 

Instructions: (pc=0x00007ffe4db2cac8)
0x00007ffe4db2c9c8:   48 83 c4 20 5e c3 cc cc 48 8b 01 c3 cc cc cc cc
0x00007ffe4db2c9d8:   cc cc cc cc cc cc cc cc 4c 8b 01 4c 8b c9 48 8b
0x00007ffe4db2c9e8:   0d e3 60 b6 00 ba 44 60 08 00 e9 d9 f1 ff ff cc
0x00007ffe4db2c9f8:   cc cc cc cc cc cc cc cc 48 89 5c 24 08 57 48 83
0x00007ffe4db2ca08:   ec 20 48 8b 39 48 8b d9 48 85 3d 01 4a bb 00 75
0x00007ffe4db2ca18:   0e 48 8b c7 48 8b 5c 24 30 48 83 c4 20 5f c3 48
0x00007ffe4db2ca28:   8b cf e8 41 98 85 00 48 8b d0 48 85 c0 74 20 48
0x00007ffe4db2ca38:   8b c7 f0 48 0f b1 13 74 16 48 85 05 d0 49 bb 00
0x00007ffe4db2ca48:   74 0d 48 8b c8 f0 48 0f b1 13 48 3b c1 75 ea 48
0x00007ffe4db2ca58:   8b 5c 24 30 48 8b c2 48 83 c4 20 5f c3 cc cc cc
0x00007ffe4db2ca68:   cc cc cc cc cc cc cc cc 4c 8b 01 4c 8b c9 48 8b
0x00007ffe4db2ca78:   0d 53 60 b6 00 ba 64 60 08 00 e9 49 f1 ff ff cc
0x00007ffe4db2ca88:   cc cc cc cc cc cc cc cc 8b 05 62 a8 b0 00 c3 cc
0x00007ffe4db2ca98:   cc cc cc cc cc cc cc cc 0f b6 05 db 68 b7 00 48
0x00007ffe4db2caa8:   8b d1 84 c0 74 16 44 8b 41 08 8b 0d 40 a8 b0 00
0x00007ffe4db2cab8:   49 d3 e0 4c 03 05 2e a8 b0 00 eb 04 4c 8b 41 08
0x00007ffe4db2cac8:   45 8b 50 08 45 85 d2 7e 0e 41 f6 c2 01 75 53 41
0x00007ffe4db2cad8:   c1 fa 03 41 8b c2 c3 79 49 84 c0 b9 10 00 00 00
0x00007ffe4db2cae8:   8b 05 46 b7 b0 00 41 b8 0c 00 00 00 41 0f 45 c8
0x00007ffe4db2caf8:   ff c8 4c 63 c8 48 63 14 11 41 8b ca 83 e1 3f 48
0x00007ffe4db2cb08:   d3 e2 41 8b ca 48 c1 f9 10 0f b6 c1 49 8d 0c 11
0x00007ffe4db2cb18:   49 f7 d1 48 03 c1 49 c1 e9 03 48 c1 e8 03 41 23
0x00007ffe4db2cb28:   c1 c3 49 8b 00 49 8b c8 48 ff a0 00 01 00 00 cc
0x00007ffe4db2cb38:   cc cc cc cc cc cc cc cc 8b 44 24 30 45 03 c9 44
0x00007ffe4db2cb48:   2b 4c 24 28 83 c0 0b 44 03 ca 45 03 c8 41 03 c1
0x00007ffe4db2cb58:   c3 cc cc cc cc cc cc cc 4c 8b ca 48 8b d1 45 8b
0x00007ffe4db2cb68:   41 08 45 85 c0 7e 0e 41 f6 c0 01 75 56 41 c1 f8
0x00007ffe4db2cb78:   03 41 8b c0 c3 79 4c 80 3d fc 67 b7 00 00 b8 0c
0x00007ffe4db2cb88:   00 00 00 b9 10 00 00 00 0f 45 c8 8b 05 9b b6 b0
0x00007ffe4db2cb98:   00 ff c8 4c 63 c8 48 63 14 11 41 8b c8 83 e1 3f
0x00007ffe4db2cba8:   48 d3 e2 41 8b c8 48 c1 f9 10 0f b6 c1 49 8d 0c
0x00007ffe4db2cbb8:   11 49 f7 d1 48 03 c1 49 c1 e9 03 48 c1 e8 03 41 


Stack slot to memory mapping:
stack at sp + 0 slots: 0x00007ffe4e1d0cc2 jvm.dll
stack at sp + 1 slots: 0x00000000c2269300 is an oop: [B 
{0x00000000c2269300} - klass: {type array byte}
 - length: 35
stack at sp + 2 slots: 0x0000000000000007 is an unknown value
stack at sp + 3 slots: 0x00000081751ffb10 points into unknown readable memory: 0x00007ffe4e4d1158 | 58 11 4d 4e fe 7f 00 00
stack at sp + 4 slots: 0x00007ffe4e1cfad9 jvm.dll
stack at sp + 5 slots: 0x0000026233be9ff0 points into unknown readable memory: 0x000002621dbf0150 | 50 01 bf 1d 62 02 00 00
stack at sp + 6 slots: 0x00007ffe4e1ce572 jvm.dll
stack at sp + 7 slots: 
[error occurred during error reporting (inspecting top of stack), id 0xc0000005, EXCEPTION_ACCESS_VIOLATION (0xc0000005) at pc=0x00007ffe4e1a9936]


---------------  P R O C E S S  ---------------

Threads class SMR info:
_java_thread_list=0x000002623ea4b060, length=44, elements={
0x000002621de4d010, 0x0000026233c44370, 0x0000026233c458e0, 0x0000026233c4ba90,
0x0000026233c4c560, 0x0000026233c4d8c0, 0x0000026238d247a0, 0x0000026238d29040,
0x0000026238d2ba50, 0x0000026238d2fa20, 0x000002621deb03a0, 0x00000262390b9a00,
0x000002623a418150, 0x000002623a444250, 0x000002623a8dc7e0, 0x000002623a650120,
0x000002623ac2db00, 0x000002623a1af1e0, 0x000002623a1ae7c0, 0x000002623a1af6f0,
0x000002623a1b0110, 0x000002623a1b0620, 0x000002623a1b0b30, 0x000002623a981b30,
0x000002623a984dd0, 0x000002623a986720, 0x000002623a986210, 0x000002623a983ea0,
0x000002623a982040, 0x000002623a981110, 0x000002623a9857f0, 0x000002623a986c30,
0x000002623a982f70, 0x000002623a980c00, 0x000002623a1afc00, 0x000002623a1b1040,
0x000002623bc289b0, 0x000002623bc293d0, 0x000002623bc2a300, 0x000002623a985d00,
0x000002623a987140, 0x000002623a97fcd0, 0x000002623a982a60, 0x000002623a9848c0
}

Java Threads: ( => current thread )
  0x000002621de4d010 JavaThread "main" [_thread_blocked, id=8344, stack(0x0000008173900000,0x0000008173a00000)]
  0x0000026233c44370 JavaThread "Reference Handler" daemon [_thread_blocked, id=11168, stack(0x0000008173c00000,0x0000008173d00000)]
  0x0000026233c458e0 JavaThread "Finalizer" daemon [_thread_blocked, id=9940, stack(0x0000008173d00000,0x0000008173e00000)]
  0x0000026233c4ba90 JavaThread "Signal Dispatcher" daemon [_thread_blocked, id=14832, stack(0x0000008173e00000,0x0000008173f00000)]
  0x0000026233c4c560 JavaThread "Attach Listener" daemon [_thread_blocked, id=18256, stack(0x0000008173f00000,0x0000008174000000)]
  0x0000026233c4d8c0 JavaThread "Service Thread" daemon [_thread_blocked, id=4248, stack(0x0000008174000000,0x0000008174100000)]
  0x0000026238d247a0 JavaThread "Monitor Deflation Thread" daemon [_thread_blocked, id=14308, stack(0x0000008174100000,0x0000008174200000)]
  0x0000026238d29040 JavaThread "C2 CompilerThread0" daemon [_thread_blocked, id=12604, stack(0x0000008174200000,0x0000008174300000)]
  0x0000026238d2ba50 JavaThread "C1 CompilerThread0" daemon [_thread_blocked, id=8004, stack(0x0000008174300000,0x0000008174400000)]
  0x0000026238d2fa20 JavaThread "Sweeper thread" daemon [_thread_blocked, id=4332, stack(0x0000008174400000,0x0000008174500000)]
  0x000002621deb03a0 JavaThread "Common-Cleaner" daemon [_thread_blocked, id=4384, stack(0x0000008174500000,0x0000008174600000)]
  0x00000262390b9a00 JavaThread "Notification Thread" daemon [_thread_blocked, id=13160, stack(0x0000008174600000,0x0000008174700000)]
  0x000002623a418150 JavaThread "Active Thread: Equinox Container: e02b9528-a733-4721-8aef-bb2e1ab4df6d" [_thread_blocked, id=14108, stack(0x0000008175000000,0x0000008175100000)]
  0x000002623a444250 JavaThread "Framework Event Dispatcher: Equinox Container: e02b9528-a733-4721-8aef-bb2e1ab4df6d" daemon [_thread_blocked, id=11244, stack(0x0000008174800000,0x0000008174900000)]
  0x000002623a8dc7e0 JavaThread "Start Level: Equinox Container: e02b9528-a733-4721-8aef-bb2e1ab4df6d" daemon [_thread_blocked, id=3588, stack(0x0000008174900000,0x0000008174a00000)]
  0x000002623a650120 JavaThread "Bundle File Closer" daemon [_thread_blocked, id=7068, stack(0x0000008175300000,0x0000008175400000)]
  0x000002623ac2db00 JavaThread "SCR Component Actor" daemon [_thread_blocked, id=13524, stack(0x0000008175200000,0x0000008175300000)]
  0x000002623a1af1e0 JavaThread "Worker-JM" [_thread_blocked, id=12064, stack(0x0000008175500000,0x0000008175600000)]
  0x000002623a1ae7c0 JavaThread "Java indexing" daemon [_thread_blocked, id=7552, stack(0x0000008175a00000,0x0000008175b00000)]
  0x000002623a1af6f0 JavaThread "JNA Cleaner" daemon [_thread_blocked, id=11804, stack(0x0000008175c00000,0x0000008175d00000)]
  0x000002623a1b0110 JavaThread "Thread-2" daemon [_thread_in_native, id=16920, stack(0x0000008176000000,0x0000008176100000)]
  0x000002623a1b0620 JavaThread "Thread-3" daemon [_thread_in_native, id=11708, stack(0x0000008176100000,0x0000008176200000)]
  0x000002623a1b0b30 JavaThread "Thread-4" daemon [_thread_in_native, id=16512, stack(0x0000008176200000,0x0000008176300000)]
  0x000002623a981b30 JavaThread "Thread-5" daemon [_thread_in_native, id=13692, stack(0x0000008176300000,0x0000008176400000)]
  0x000002623a984dd0 JavaThread "Thread-6" daemon [_thread_in_native, id=15156, stack(0x0000008176400000,0x0000008176500000)]
  0x000002623a986720 JavaThread "Thread-7" daemon [_thread_in_native, id=14016, stack(0x0000008176500000,0x0000008176600000)]
  0x000002623a986210 JavaThread "Thread-8" daemon [_thread_in_native, id=14636, stack(0x0000008176600000,0x0000008176700000)]
  0x000002623a983ea0 JavaThread "Thread-9" daemon [_thread_in_native, id=18052, stack(0x0000008176700000,0x0000008176800000)]
  0x000002623a982040 JavaThread "Thread-10" daemon [_thread_blocked, id=12216, stack(0x0000008176800000,0x0000008176900000)]
  0x000002623a981110 JavaThread "pool-2-thread-1" [_thread_blocked, id=2472, stack(0x0000008176900000,0x0000008176a00000)]
  0x000002623a9857f0 JavaThread "WorkspaceEventsHandler" [_thread_blocked, id=8048, stack(0x0000008176a00000,0x0000008176b00000)]
  0x000002623a986c30 JavaThread "pool-1-thread-1" [_thread_blocked, id=12024, stack(0x0000008176b00000,0x0000008176c00000)]
  0x000002623a982f70 JavaThread "Cleaner-0" daemon [_thread_blocked, id=11660, stack(0x0000008177300000,0x0000008177400000)]
  0x000002623a980c00 JavaThread "ForkJoinPool.commonPool-worker-14" daemon [_thread_blocked, id=17184, stack(0x0000008175800000,0x0000008175900000)]
  0x000002623a1afc00 JavaThread "ForkJoinPool.commonPool-worker-17" daemon [_thread_blocked, id=13112, stack(0x0000008175700000,0x0000008175800000)]
  0x000002623a1b1040 JavaThread "ForkJoinPool.commonPool-worker-18" daemon [_thread_blocked, id=3908, stack(0x0000008175b00000,0x0000008175c00000)]
  0x000002623bc289b0 JavaThread "ForkJoinPool.commonPool-worker-20" daemon [_thread_blocked, id=11620, stack(0x0000008175600000,0x0000008175700000)]
  0x000002623bc293d0 JavaThread "ForkJoinPool.commonPool-worker-22" daemon [_thread_blocked, id=8964, stack(0x0000008173800000,0x0000008173900000)]
  0x000002623bc2a300 JavaThread "Worker-12" [_thread_blocked, id=16472, stack(0x0000008175400000,0x0000008175500000)]
  0x000002623a985d00 JavaThread "ForkJoinPool.commonPool-worker-23" daemon [_thread_blocked, id=18424, stack(0x0000008173600000,0x0000008173700000)]
  0x000002623a987140 JavaThread "Worker-13" [_thread_blocked, id=2784, stack(0x0000008175900000,0x0000008175a00000)]
  0x000002623a97fcd0 JavaThread "ForkJoinPool.commonPool-worker-24" daemon [_thread_blocked, id=6560, stack(0x0000008175f00000,0x0000008176000000)]
  0x000002623a982a60 JavaThread "Worker-14" [_thread_blocked, id=5584, stack(0x0000008175d00000,0x0000008175e00000)]
  0x000002623a9848c0 JavaThread "ForkJoinPool.commonPool-worker-25" daemon [_thread_blocked, id=7104, stack(0x0000008175e00000,0x0000008175f00000)]

Other Threads:
  0x0000026238d02930 VMThread "VM Thread" [stack: 0x0000008173b00000,0x0000008173c00000] [id=15552]
  0x0000026238ff0d10 WatcherThread [stack: 0x0000008174700000,0x0000008174800000] [id=11392]
  0x000002621de62590 GCTaskThread "GC Thread#0" [stack: 0x0000008173a00000,0x0000008173b00000] [id=16712]
  0x000002623a0e4230 GCTaskThread "GC Thread#1" [stack: 0x0000008174a00000,0x0000008174b00000] [id=4916]
  0x000002623a0e3870 GCTaskThread "GC Thread#2" [stack: 0x0000008174b00000,0x0000008174c00000] [id=10036]
  0x000002623a0e3b30 GCTaskThread "GC Thread#3" [stack: 0x0000008174c00000,0x0000008174d00000] [id=14904]
  0x000002623a4feec0 GCTaskThread "GC Thread#4" [stack: 0x0000008174d00000,0x0000008174e00000] [id=15280]
  0x000002623a4ff180 GCTaskThread "GC Thread#5" [stack: 0x0000008174e00000,0x0000008174f00000] [id=17024]
  0x000002623a4ff440 GCTaskThread "GC Thread#6" [stack: 0x0000008174f00000,0x0000008175000000] [id=11528]
=>0x000002623a47ca10 GCTaskThread "GC Thread#7" [stack: 0x0000008175100000,0x0000008175200000] [id=11276]

Threads with active compile tasks:

VM state: at safepoint (normal execution)

VM Mutex/Monitor currently owned by a thread:  ([mutex/lock_event])
[0x000002621de49520] Threads_lock - owner thread: 0x0000026238d02930
[0x000002621de49370] Heap_lock - owner thread: 0x000002623bc293d0

Heap address: 0x00000000c0000000, size: 1024 MB, Compressed Oops mode: 32-bit

CDS archive(s) not mapped
Compressed class space mapped at: 0x0000000100000000-0x0000000140000000, reserved size: 1073741824
Narrow klass base: 0x0000000000000000, Narrow klass shift: 3, Narrow klass range: 0x140000000

GC Precious Log:
 CPUs: 8 total, 8 available
 Memory: 16107M
 Large Page Support: Disabled
 NUMA Support: Disabled
 Compressed Oops: Enabled (32-bit)
 Alignments: Space 512K, Generation 512K, Heap 2M
 Heap Min Capacity: 100M
 Heap Initial Capacity: 100M
 Heap Max Capacity: 1G
 Pre-touch: Disabled
 Parallel Workers: 8

Heap:
 PSYoungGen      total 22016K, used 1920K [0x00000000eab00000, 0x00000000ec380000, 0x0000000100000000)
  eden space 19968K, 0% used [0x00000000eab00000,0x00000000eab00000,0x00000000ebe80000)
  from space 2048K, 93% used [0x00000000ec180000,0x00000000ec360040,0x00000000ec380000)
  to   space 2560K, 0% used [0x00000000ebe80000,0x00000000ebe80000,0x00000000ec100000)
 ParOldGen       total 130560K, used 130438K [0x00000000c0000000, 0x00000000c7f80000, 0x00000000eab00000)
  object space 130560K, 99% used [0x00000000c0000000,0x00000000c7f61838,0x00000000c7f80000)
 Metaspace       used 90894K, committed 92096K, reserved 1179648K
  class space    used 8998K, committed 9536K, reserved 1048576K

Card table byte_map: [0x00000262314e0000,0x00000262316f0000] _byte_map_base: 0x0000026230ee0000

Marking Bits: (ParMarkBitMap*) 0x00007ffe4e6bd7d0
 Begin Bits: [0x0000026231850000, 0x0000026232850000)
 End Bits:   [0x0000026232850000, 0x0000026233850000)

Polling page: 0x000002621df00000

Metaspace:

Usage:
  Non-class:     79.98 MB used.
      Class:      8.79 MB used.
       Both:     88.76 MB used.

Virtual space:
  Non-class space:      128.00 MB reserved,      80.62 MB ( 63%) committed,  2 nodes.
      Class space:        1.00 GB reserved,       9.31 MB ( <1%) committed,  1 nodes.
             Both:        1.12 GB reserved,      89.94 MB (  8%) committed. 

Chunk freelists:
   Non-Class:  14.45 MB
       Class:  6.63 MB
        Both:  21.09 MB

MaxMetaspaceSize: unlimited
CompressedClassSpaceSize: 1.00 GB
Initial GC threshold: 21.00 MB
Current GC threshold: 148.75 MB
CDS: off
MetaspaceReclaimPolicy: balanced
 - commit_granule_bytes: 65536.
 - commit_granule_words: 8192.
 - virtual_space_node_default_size: 8388608.
 - enlarge_chunks_in_place: 1.
 - new_chunks_are_fully_committed: 0.
 - uncommit_free_chunks: 1.
 - use_allocation_guard: 0.
 - handle_deallocations: 1.


Internal statistics:

num_allocs_failed_limit: 9.
num_arena_births: 1014.
num_arena_deaths: 318.
num_vsnodes_births: 3.
num_vsnodes_deaths: 0.
num_space_committed: 1439.
num_space_uncommitted: 0.
num_chunks_returned_to_freelist: 368.
num_chunks_taken_from_freelist: 4987.
num_chunk_merges: 140.
num_chunk_splits: 2956.
num_chunks_enlarged: 1627.
num_inconsistent_stats: 0.

CodeHeap 'non-profiled nmethods': size=120000Kb used=22907Kb max_used=22955Kb free=97092Kb
 bounds [0x0000026229dd0000, 0x000002622b460000, 0x0000026231300000]
CodeHeap 'profiled nmethods': size=120000Kb used=35130Kb max_used=36655Kb free=84869Kb
 bounds [0x0000026222300000, 0x00000262246e0000, 0x0000026229830000]
CodeHeap 'non-nmethods': size=5760Kb used=1448Kb max_used=1546Kb free=4311Kb
 bounds [0x0000026229830000, 0x0000026229aa0000, 0x0000026229dd0000]
 total_blobs=17603 nmethods=16809 adapters=699
 compilation: enabled
              stopped_count=0, restarted_count=0
 full_count=0

Compilation events (20 events):
Event: 4272.746 Thread 0x0000026238d29040 23794       4       org.eclipse.jdt.core.dom.ASTConverter::recordPendingNameScopeResolution (30 bytes)
Event: 4272.752 Thread 0x0000026238d29040 nmethod 23794 0x000002622b1a3d90 code [0x000002622b1a3f20, 0x000002622b1a4108]
Event: 4272.885 Thread 0x0000026238d29040 23795       4       org.eclipse.jdt.internal.core.SourceTypeElementInfo::getFieldHandles (92 bytes)
Event: 4272.898 Thread 0x0000026238d29040 nmethod 23795 0x000002622a795410 code [0x000002622a7955c0, 0x000002622a795bb8]
Event: 4273.820 Thread 0x0000026238d29040 23796       4       org.eclipse.jdt.internal.compiler.parser.Parser$1MethodVisitor::visit (7 bytes)
Event: 4273.821 Thread 0x0000026238d29040 nmethod 23796 0x000002622b292a10 code [0x000002622b292b80, 0x000002622b292c18]
Event: 4273.822 Thread 0x0000026238d29040 23797       4       org.eclipse.jdt.internal.compiler.codegen.StackMapFrameCodeStream::removeNotDefinitelyAssignedVariables (116 bytes)
Event: 4273.826 Thread 0x0000026238d29040 nmethod 23797 0x000002622b292290 code [0x000002622b292420, 0x000002622b2926f8]
Event: 4274.125 Thread 0x0000026238d29040 23798       4       org.eclipse.text.edits.RangeMarker::performDocumentUpdating (10 bytes)
Event: 4274.125 Thread 0x0000026238d29040 nmethod 23798 0x000002622b291f90 code [0x000002622b292100, 0x000002622b292178]
Event: 4274.207 Thread 0x0000026238d29040 23799       4       org.eclipse.jdt.internal.compiler.lookup.BlockScope::computeLocalVariablePositions (517 bytes)
Event: 4274.225 Thread 0x0000026238d29040 nmethod 23799 0x000002622ac7f410 code [0x000002622ac7f640, 0x000002622ac80188]
Event: 4274.334 Thread 0x0000026238d29040 23800       4       java.util.Spliterator$OfInt::forEachRemaining (53 bytes)
Event: 4274.337 Thread 0x0000026238d29040 nmethod 23800 0x000002622ac7f010 code [0x000002622ac7f1a0, 0x000002622ac7f2e8]
Event: 4289.201 Thread 0x0000026238d29040 23801       4       org.eclipse.jdt.internal.compiler.lookup.BinaryTypeBinding::getMemberType (170 bytes)
Event: 4289.214 Thread 0x0000026238d29040 nmethod 23801 0x000002622b290d90 code [0x000002622b290f60, 0x000002622b2917f8]
Event: 4290.076 Thread 0x0000026238d29040 23802       4       org.eclipse.jface.text.AbstractDocument::updateDocumentStructures (210 bytes)
Event: 4290.082 Thread 0x0000026238d29040 nmethod 23802 0x000002622b13d010 code [0x000002622b13d1c0, 0x000002622b13d488]
Event: 4290.082 Thread 0x0000026238d29040 23803       4       org.eclipse.jface.text.DocumentEvent::<init> (109 bytes)
Event: 4290.084 Thread 0x0000026238d29040 nmethod 23803 0x000002622b13c790 code [0x000002622b13c920, 0x000002622b13cdb8]

GC Heap History (20 events):
Event: 4243.962 GC heap after
{Heap after GC invocations=6013 (full 64):
 PSYoungGen      total 23040K, used 2976K [0x00000000eab00000, 0x00000000ec580000, 0x0000000100000000)
  eden space 19968K, 0% used [0x00000000eab00000,0x00000000eab00000,0x00000000ebe80000)
  from space 3072K, 96% used [0x00000000ebf80000,0x00000000ec268060,0x00000000ec280000)
  to   space 3072K, 0% used [0x00000000ec280000,0x00000000ec280000,0x00000000ec580000)
 ParOldGen       total 130560K, used 127300K [0x00000000c0000000, 0x00000000c7f80000, 0x00000000eab00000)
  object space 130560K, 97% used [0x00000000c0000000,0x00000000c7c510d8,0x00000000c7f80000)
 Metaspace       used 90838K, committed 92032K, reserved 1179648K
  class space    used 8998K, committed 9536K, reserved 1048576K
}
Event: 4245.142 GC heap before
{Heap before GC invocations=6014 (full 64):
 PSYoungGen      total 23040K, used 22944K [0x00000000eab00000, 0x00000000ec580000, 0x0000000100000000)
  eden space 19968K, 100% used [0x00000000eab00000,0x00000000ebe80000,0x00000000ebe80000)
  from space 3072K, 96% used [0x00000000ebf80000,0x00000000ec268060,0x00000000ec280000)
  to   space 3072K, 0% used [0x00000000ec280000,0x00000000ec280000,0x00000000ec580000)
 ParOldGen       total 130560K, used 127300K [0x00000000c0000000, 0x00000000c7f80000, 0x00000000eab00000)
  object space 130560K, 97% used [0x00000000c0000000,0x00000000c7c510d8,0x00000000c7f80000)
 Metaspace       used 90860K, committed 92096K, reserved 1179648K
  class space    used 8998K, committed 9536K, reserved 1048576K
}
Event: 4245.146 GC heap after
{Heap after GC invocations=6014 (full 64):
 PSYoungGen      total 23040K, used 2896K [0x00000000eab00000, 0x00000000ec580000, 0x0000000100000000)
  eden space 19968K, 0% used [0x00000000eab00000,0x00000000eab00000,0x00000000ebe80000)
  from space 3072K, 94% used [0x00000000ec280000,0x00000000ec554090,0x00000000ec580000)
  to   space 3072K, 0% used [0x00000000ebf80000,0x00000000ebf80000,0x00000000ec280000)
 ParOldGen       total 130560K, used 127308K [0x00000000c0000000, 0x00000000c7f80000, 0x00000000eab00000)
  object space 130560K, 97% used [0x00000000c0000000,0x00000000c7c530d8,0x00000000c7f80000)
 Metaspace       used 90860K, committed 92096K, reserved 1179648K
  class space    used 8998K, committed 9536K, reserved 1048576K
}
Event: 4245.949 GC heap before
{Heap before GC invocations=6015 (full 64):
 PSYoungGen      total 23040K, used 22864K [0x00000000eab00000, 0x00000000ec580000, 0x0000000100000000)
  eden space 19968K, 100% used [0x00000000eab00000,0x00000000ebe80000,0x00000000ebe80000)
  from space 3072K, 94% used [0x00000000ec280000,0x00000000ec554090,0x00000000ec580000)
  to   space 3072K, 0% used [0x00000000ebf80000,0x00000000ebf80000,0x00000000ec280000)
 ParOldGen       total 130560K, used 127308K [0x00000000c0000000, 0x00000000c7f80000, 0x00000000eab00000)
  object space 130560K, 97% used [0x00000000c0000000,0x00000000c7c530d8,0x00000000c7f80000)
 Metaspace       used 90864K, committed 92096K, reserved 1179648K
  class space    used 8998K, committed 9536K, reserved 1048576K
}
Event: 4245.952 GC heap after
{Heap after GC invocations=6015 (full 64):
 PSYoungGen      total 23040K, used 2912K [0x00000000eab00000, 0x00000000ec480000, 0x0000000100000000)
  eden space 19968K, 0% used [0x00000000eab00000,0x00000000eab00000,0x00000000ebe80000)
  from space 3072K, 94% used [0x00000000ebf80000,0x00000000ec2580a0,0x00000000ec280000)
  to   space 2048K, 0% used [0x00000000ec280000,0x00000000ec280000,0x00000000ec480000)
 ParOldGen       total 130560K, used 127308K [0x00000000c0000000, 0x00000000c7f80000, 0x00000000eab00000)
  object space 130560K, 97% used [0x00000000c0000000,0x00000000c7c530d8,0x00000000c7f80000)
 Metaspace       used 90864K, committed 92096K, reserved 1179648K
  class space    used 8998K, committed 9536K, reserved 1048576K
}
Event: 4247.209 GC heap before
{Heap before GC invocations=6016 (full 64):
 PSYoungGen      total 23040K, used 22880K [0x00000000eab00000, 0x00000000ec480000, 0x0000000100000000)
  eden space 19968K, 100% used [0x00000000eab00000,0x00000000ebe80000,0x00000000ebe80000)
  from space 3072K, 94% used [0x00000000ebf80000,0x00000000ec2580a0,0x00000000ec280000)
  to   space 2048K, 0% used [0x00000000ec280000,0x00000000ec280000,0x00000000ec480000)
 ParOldGen       total 130560K, used 127308K [0x00000000c0000000, 0x00000000c7f80000, 0x00000000eab00000)
  object space 130560K, 97% used [0x00000000c0000000,0x00000000c7c530d8,0x00000000c7f80000)
 Metaspace       used 90867K, committed 92096K, reserved 1179648K
  class space    used 8998K, committed 9536K, reserved 1048576K
}
Event: 4247.211 GC heap after
{Heap after GC invocations=6016 (full 64):
 PSYoungGen      total 22016K, used 2016K [0x00000000eab00000, 0x00000000ec480000, 0x0000000100000000)
  eden space 19968K, 0% used [0x00000000eab00000,0x00000000eab00000,0x00000000ebe80000)
  from space 2048K, 98% used [0x00000000ec280000,0x00000000ec478080,0x00000000ec480000)
  to   space 3072K, 0% used [0x00000000ebe80000,0x00000000ebe80000,0x00000000ec180000)
 ParOldGen       total 130560K, used 128142K [0x00000000c0000000, 0x00000000c7f80000, 0x00000000eab00000)
  object space 130560K, 98% used [0x00000000c0000000,0x00000000c7d23a18,0x00000000c7f80000)
 Metaspace       used 90867K, committed 92096K, reserved 1179648K
  class space    used 8998K, committed 9536K, reserved 1048576K
}
Event: 4248.518 GC heap before
{Heap before GC invocations=6017 (full 64):
 PSYoungGen      total 22016K, used 21984K [0x00000000eab00000, 0x00000000ec480000, 0x0000000100000000)
  eden space 19968K, 100% used [0x00000000eab00000,0x00000000ebe80000,0x00000000ebe80000)
  from space 2048K, 98% used [0x00000000ec280000,0x00000000ec478080,0x00000000ec480000)
  to   space 3072K, 0% used [0x00000000ebe80000,0x00000000ebe80000,0x00000000ec180000)
 ParOldGen       total 130560K, used 128142K [0x00000000c0000000, 0x00000000c7f80000, 0x00000000eab00000)
  object space 130560K, 98% used [0x00000000c0000000,0x00000000c7d23a18,0x00000000c7f80000)
 Metaspace       used 90883K, committed 92096K, reserved 1179648K
  class space    used 8998K, committed 9536K, reserved 1048576K
}
Event: 4248.521 GC heap after
{Heap after GC invocations=6017 (full 64):
 PSYoungGen      total 23040K, used 3008K [0x00000000eab00000, 0x00000000ec480000, 0x0000000100000000)
  eden space 19968K, 0% used [0x00000000eab00000,0x00000000eab00000,0x00000000ebe80000)
  from space 3072K, 97% used [0x00000000ebe80000,0x00000000ec1700c0,0x00000000ec180000)
  to   space 3072K, 0% used [0x00000000ec180000,0x00000000ec180000,0x00000000ec480000)
 ParOldGen       total 130560K, used 128150K [0x00000000c0000000, 0x00000000c7f80000, 0x00000000eab00000)
  object space 130560K, 98% used [0x00000000c0000000,0x00000000c7d25a18,0x00000000c7f80000)
 Metaspace       used 90883K, committed 92096K, reserved 1179648K
  class space    used 8998K, committed 9536K, reserved 1048576K
}
Event: 4261.831 GC heap before
{Heap before GC invocations=6018 (full 64):
 PSYoungGen      total 23040K, used 22976K [0x00000000eab00000, 0x00000000ec480000, 0x0000000100000000)
  eden space 19968K, 100% used [0x00000000eab00000,0x00000000ebe80000,0x00000000ebe80000)
  from space 3072K, 97% used [0x00000000ebe80000,0x00000000ec1700c0,0x00000000ec180000)
  to   space 3072K, 0% used [0x00000000ec180000,0x00000000ec180000,0x00000000ec480000)
 ParOldGen       total 130560K, used 128150K [0x00000000c0000000, 0x00000000c7f80000, 0x00000000eab00000)
  object space 130560K, 98% used [0x00000000c0000000,0x00000000c7d25a18,0x00000000c7f80000)
 Metaspace       used 90884K, committed 92096K, reserved 1179648K
  class space    used 8998K, committed 9536K, reserved 1048576K
}
Event: 4261.835 GC heap after
{Heap after GC invocations=6018 (full 64):
 PSYoungGen      total 23040K, used 2432K [0x00000000eab00000, 0x00000000ec480000, 0x0000000100000000)
  eden space 19968K, 0% used [0x00000000eab00000,0x00000000eab00000,0x00000000ebe80000)
  from space 3072K, 79% used [0x00000000ec180000,0x00000000ec3e00a0,0x00000000ec480000)
  to   space 3072K, 0% used [0x00000000ebe80000,0x00000000ebe80000,0x00000000ec180000)
 ParOldGen       total 130560K, used 128150K [0x00000000c0000000, 0x00000000c7f80000, 0x00000000eab00000)
  object space 130560K, 98% used [0x00000000c0000000,0x00000000c7d25a18,0x00000000c7f80000)
 Metaspace       used 90884K, committed 92096K, reserved 1179648K
  class space    used 8998K, committed 9536K, reserved 1048576K
}
Event: 4272.646 GC heap before
{Heap before GC invocations=6019 (full 64):
 PSYoungGen      total 23040K, used 22400K [0x00000000eab00000, 0x00000000ec480000, 0x0000000100000000)
  eden space 19968K, 100% used [0x00000000eab00000,0x00000000ebe80000,0x00000000ebe80000)
  from space 3072K, 79% used [0x00000000ec180000,0x00000000ec3e00a0,0x00000000ec480000)
  to   space 3072K, 0% used [0x00000000ebe80000,0x00000000ebe80000,0x00000000ec180000)
 ParOldGen       total 130560K, used 128150K [0x00000000c0000000, 0x00000000c7f80000, 0x00000000eab00000)
  object space 130560K, 98% used [0x00000000c0000000,0x00000000c7d25a18,0x00000000c7f80000)
 Metaspace       used 90894K, committed 92096K, reserved 1179648K
  class space    used 8998K, committed 9536K, reserved 1048576K
}
Event: 4272.651 GC heap after
{Heap after GC invocations=6019 (full 64):
 PSYoungGen      total 22016K, used 2016K [0x00000000eab00000, 0x00000000ec380000, 0x0000000100000000)
  eden space 19968K, 0% used [0x00000000eab00000,0x00000000eab00000,0x00000000ebe80000)
  from space 2048K, 98% used [0x00000000ebe80000,0x00000000ec078060,0x00000000ec080000)
  to   space 2560K, 0% used [0x00000000ec100000,0x00000000ec100000,0x00000000ec380000)
 ParOldGen       total 130560K, used 128158K [0x00000000c0000000, 0x00000000c7f80000, 0x00000000eab00000)
  object space 130560K, 98% used [0x00000000c0000000,0x00000000c7d27a18,0x00000000c7f80000)
 Metaspace       used 90894K, committed 92096K, reserved 1179648K
  class space    used 8998K, committed 9536K, reserved 1048576K
}
Event: 4274.113 GC heap before
{Heap before GC invocations=6020 (full 64):
 PSYoungGen      total 22016K, used 21984K [0x00000000eab00000, 0x00000000ec380000, 0x0000000100000000)
  eden space 19968K, 100% used [0x00000000eab00000,0x00000000ebe80000,0x00000000ebe80000)
  from space 2048K, 98% used [0x00000000ebe80000,0x00000000ec078060,0x00000000ec080000)
  to   space 2560K, 0% used [0x00000000ec100000,0x00000000ec100000,0x00000000ec380000)
 ParOldGen       total 130560K, used 128158K [0x00000000c0000000, 0x00000000c7f80000, 0x00000000eab00000)
  object space 130560K, 98% used [0x00000000c0000000,0x00000000c7d27a18,0x00000000c7f80000)
 Metaspace       used 90894K, committed 92096K, reserved 1179648K
  class space    used 8998K, committed 9536K, reserved 1048576K
}
Event: 4274.118 GC heap after
{Heap after GC invocations=6020 (full 64):
 PSYoungGen      total 22016K, used 1536K [0x00000000eab00000, 0x00000000ec300000, 0x0000000100000000)
  eden space 19968K, 0% used [0x00000000eab00000,0x00000000eab00000,0x00000000ebe80000)
  from space 2048K, 75% used [0x00000000ec100000,0x00000000ec280080,0x00000000ec300000)
  to   space 2048K, 0% used [0x00000000ebe80000,0x00000000ebe80000,0x00000000ec080000)
 ParOldGen       total 130560K, used 128840K [0x00000000c0000000, 0x00000000c7f80000, 0x00000000eab00000)
  object space 130560K, 98% used [0x00000000c0000000,0x00000000c7dd2338,0x00000000c7f80000)
 Metaspace       used 90894K, committed 92096K, reserved 1179648K
  class space    used 8998K, committed 9536K, reserved 1048576K
}
Event: 4288.800 GC heap before
{Heap before GC invocations=6021 (full 64):
 PSYoungGen      total 22016K, used 21504K [0x00000000eab00000, 0x00000000ec300000, 0x0000000100000000)
  eden space 19968K, 99% used [0x00000000eab00000,0x00000000ebe7fff0,0x00000000ebe80000)
  from space 2048K, 75% used [0x00000000ec100000,0x00000000ec280080,0x00000000ec300000)
  to   space 2048K, 0% used [0x00000000ebe80000,0x00000000ebe80000,0x00000000ec080000)
 ParOldGen       total 130560K, used 128840K [0x00000000c0000000, 0x00000000c7f80000, 0x00000000eab00000)
  object space 130560K, 98% used [0x00000000c0000000,0x00000000c7dd2338,0x00000000c7f80000)
 Metaspace       used 90894K, committed 92096K, reserved 1179648K
  class space    used 8998K, committed 9536K, reserved 1048576K
}
Event: 4288.801 GC heap after
{Heap after GC invocations=6021 (full 64):
 PSYoungGen      total 22016K, used 2030K [0x00000000eab00000, 0x00000000ec480000, 0x0000000100000000)
  eden space 19968K, 0% used [0x00000000eab00000,0x00000000eab00000,0x00000000ebe80000)
  from space 2048K, 99% used [0x00000000ebe80000,0x00000000ec07bbc0,0x00000000ec080000)
  to   space 3072K, 0% used [0x00000000ec180000,0x00000000ec180000,0x00000000ec480000)
 ParOldGen       total 130560K, used 129448K [0x00000000c0000000, 0x00000000c7f80000, 0x00000000eab00000)
  object space 130560K, 99% used [0x00000000c0000000,0x00000000c7e6a358,0x00000000c7f80000)
 Metaspace       used 90894K, committed 92096K, reserved 1179648K
  class space    used 8998K, committed 9536K, reserved 1048576K
}
Event: 4290.500 GC heap before
{Heap before GC invocations=6022 (full 64):
 PSYoungGen      total 22016K, used 21998K [0x00000000eab00000, 0x00000000ec480000, 0x0000000100000000)
  eden space 19968K, 100% used [0x00000000eab00000,0x00000000ebe80000,0x00000000ebe80000)
  from space 2048K, 99% used [0x00000000ebe80000,0x00000000ec07bbc0,0x00000000ec080000)
  to   space 3072K, 0% used [0x00000000ec180000,0x00000000ec180000,0x00000000ec480000)
 ParOldGen       total 130560K, used 129448K [0x00000000c0000000, 0x00000000c7f80000, 0x00000000eab00000)
  object space 130560K, 99% used [0x00000000c0000000,0x00000000c7e6a358,0x00000000c7f80000)
 Metaspace       used 90894K, committed 92096K, reserved 1179648K
  class space    used 8998K, committed 9536K, reserved 1048576K
}
Event: 4290.504 GC heap after
{Heap after GC invocations=6022 (full 64):
 PSYoungGen      total 22016K, used 1920K [0x00000000eab00000, 0x00000000ec380000, 0x0000000100000000)
  eden space 19968K, 0% used [0x00000000eab00000,0x00000000eab00000,0x00000000ebe80000)
  from space 2048K, 93% used [0x00000000ec180000,0x00000000ec360040,0x00000000ec380000)
  to   space 2560K, 0% used [0x00000000ebe80000,0x00000000ebe80000,0x00000000ec100000)
 ParOldGen       total 130560K, used 130438K [0x00000000c0000000, 0x00000000c7f80000, 0x00000000eab00000)
  object space 130560K, 99% used [0x00000000c0000000,0x00000000c7f61838,0x00000000c7f80000)
 Metaspace       used 90894K, committed 92096K, reserved 1179648K
  class space    used 8998K, committed 9536K, reserved 1048576K
}
Event: 4290.504 GC heap before
{Heap before GC invocations=6023 (full 65):
 PSYoungGen      total 22016K, used 1920K [0x00000000eab00000, 0x00000000ec380000, 0x0000000100000000)
  eden space 19968K, 0% used [0x00000000eab00000,0x00000000eab00000,0x00000000ebe80000)
  from space 2048K, 93% used [0x00000000ec180000,0x00000000ec360040,0x00000000ec380000)
  to   space 2560K, 0% used [0x00000000ebe80000,0x00000000ebe80000,0x00000000ec100000)
 ParOldGen       total 130560K, used 130438K [0x00000000c0000000, 0x00000000c7f80000, 0x00000000eab00000)
  object space 130560K, 99% used [0x00000000c0000000,0x00000000c7f61838,0x00000000c7f80000)
 Metaspace       used 90894K, committed 92096K, reserved 1179648K
  class space    used 8998K, committed 9536K, reserved 1048576K
}

Dll operation events (12 events):
Event: 0.062 Loaded shared library c:\Users\kipru\.vscode\extensions\redhat.java-1.30.0-win32-x64\jre\17.0.10-win32-x86_64\bin\java.dll
Event: 0.318 Loaded shared library c:\Users\kipru\.vscode\extensions\redhat.java-1.30.0-win32-x64\jre\17.0.10-win32-x86_64\bin\zip.dll
Event: 0.322 Loaded shared library C:\Users\kipru\.vscode\extensions\redhat.java-1.30.0-win32-x64\jre\17.0.10-win32-x86_64\bin\instrument.dll
Event: 0.356 Loaded shared library C:\Users\kipru\.vscode\extensions\redhat.java-1.30.0-win32-x64\jre\17.0.10-win32-x86_64\bin\net.dll
Event: 0.359 Loaded shared library C:\Users\kipru\.vscode\extensions\redhat.java-1.30.0-win32-x64\jre\17.0.10-win32-x86_64\bin\nio.dll
Event: 0.369 Loaded shared library C:\Users\kipru\.vscode\extensions\redhat.java-1.30.0-win32-x64\jre\17.0.10-win32-x86_64\bin\zip.dll
Event: 0.402 Loaded shared library C:\Users\kipru\.vscode\extensions\redhat.java-1.30.0-win32-x64\jre\17.0.10-win32-x86_64\bin\jimage.dll
Event: 0.505 Loaded shared library c:\Users\kipru\.vscode\extensions\redhat.java-1.30.0-win32-x64\jre\17.0.10-win32-x86_64\bin\verify.dll
Event: 8.544 Loaded shared library C:\Users\kipru\AppData\Roaming\Code\User\globalStorage\redhat.java\1.30.0\config_win\org.eclipse.equinox.launcher\org.eclipse.equinox.launcher.win32.win32.x86_64_1.2.900.v20240213-1244\eclipse_11900.dll
Event: 22.269 Loaded shared library C:\Users\kipru\AppData\Local\Temp\jna-102056085\jna17117297842479896949.dll
Event: 2116.734 Loaded shared library C:\Users\kipru\.vscode\extensions\redhat.java-1.30.0-win32-x64\jre\17.0.10-win32-x86_64\bin\sunmscapi.dll
Event: 2117.223 Loaded shared library C:\Users\kipru\.vscode\extensions\redhat.java-1.30.0-win32-x64\jre\17.0.10-win32-x86_64\bin\extnet.dll

Deoptimization events (20 events):
Event: 4192.424 Thread 0x000002623a986c30 Uncommon trap: trap_request=0xffffffde fr.pc=0x000002622b023bb4 relative=0x0000000000000ad4
Event: 4192.424 Thread 0x000002623a986c30 Uncommon trap: reason=class_check action=maybe_recompile pc=0x000002622b023bb4 method=org.eclipse.core.internal.jobs.JobManager.cancel(Lorg/eclipse/core/internal/jobs/InternalJob;)Z @ 72 c2
Event: 4192.424 Thread 0x000002623a986c30 DEOPT PACKING pc=0x000002622b023bb4 sp=0x0000008176bfe810
Event: 4192.424 Thread 0x000002623a986c30 DEOPT UNPACKING pc=0x0000026229889ea3 sp=0x0000008176bfe808 mode 2
Event: 4244.835 Thread 0x000002623a97fcd0 Uncommon trap: trap_request=0xffffff45 fr.pc=0x000002622a5c4630 relative=0x0000000000001390
Event: 4244.836 Thread 0x000002623a97fcd0 Uncommon trap: reason=unstable_if action=reinterpret pc=0x000002622a5c4630 method=org.eclipse.jface.text.DefaultLineTracker.nextDelimiterInfo(Ljava/lang/String;I)Lorg/eclipse/jface/text/AbstractLineTracker$DelimiterInfo; @ 31 c2
Event: 4244.836 Thread 0x000002623a97fcd0 DEOPT PACKING pc=0x000002622a5c4630 sp=0x0000008175ffe6b0
Event: 4244.836 Thread 0x000002623a97fcd0 DEOPT UNPACKING pc=0x0000026229889ea3 sp=0x0000008175ffe578 mode 2
Event: 4244.836 Thread 0x000002623a97fcd0 Uncommon trap: trap_request=0xffffff45 fr.pc=0x000002622a3791d4 relative=0x0000000000000434
Event: 4244.836 Thread 0x000002623a97fcd0 Uncommon trap: reason=unstable_if action=reinterpret pc=0x000002622a3791d4 method=org.eclipse.jface.text.DefaultLineTracker.nextDelimiterInfo(Ljava/lang/String;I)Lorg/eclipse/jface/text/AbstractLineTracker$DelimiterInfo; @ 31 c2
Event: 4244.836 Thread 0x000002623a97fcd0 DEOPT PACKING pc=0x000002622a3791d4 sp=0x0000008175ffe640
Event: 4244.836 Thread 0x000002623a97fcd0 DEOPT UNPACKING pc=0x0000026229889ea3 sp=0x0000008175ffe560 mode 2
Event: 4244.836 Thread 0x000002623a97fcd0 Uncommon trap: trap_request=0xffffff45 fr.pc=0x0000026229f32e44 relative=0x0000000000000424
Event: 4244.836 Thread 0x000002623a97fcd0 Uncommon trap: reason=unstable_if action=reinterpret pc=0x0000026229f32e44 method=org.eclipse.jface.text.DefaultLineTracker.nextDelimiterInfo(Ljava/lang/String;I)Lorg/eclipse/jface/text/AbstractLineTracker$DelimiterInfo; @ 31 c2
Event: 4244.836 Thread 0x000002623a97fcd0 DEOPT PACKING pc=0x0000026229f32e44 sp=0x0000008175ffe5d0
Event: 4244.836 Thread 0x000002623a97fcd0 DEOPT UNPACKING pc=0x0000026229889ea3 sp=0x0000008175ffe560 mode 2
Event: 4258.694 Thread 0x000002623a987140 Uncommon trap: trap_request=0xffffffcc fr.pc=0x000002622b2ac9b4 relative=0x0000000000001114
Event: 4258.694 Thread 0x000002623a987140 Uncommon trap: reason=intrinsic_or_type_checked_inlining action=make_not_entrant pc=0x000002622b2ac9b4 method=org.eclipse.jdt.internal.compiler.parser.Parser.parse(Lorg/eclipse/jdt/internal/compiler/ast/ConstructorDeclaration;Lorg/eclipse/jdt/internal/com
Event: 4258.694 Thread 0x000002623a987140 DEOPT PACKING pc=0x000002622b2ac9b4 sp=0x00000081759fe5e0
Event: 4258.694 Thread 0x000002623a987140 DEOPT UNPACKING pc=0x0000026229889ea3 sp=0x00000081759fe580 mode 2

Classes unloaded (20 events):
Event: 3028.011 Thread 0x0000026238d02930 Unloading class 0x0000000100386000 'java/lang/invoke/LambdaForm$MH+0x0000000100386000'
Event: 3028.011 Thread 0x0000026238d02930 Unloading class 0x0000000100398400 'java/lang/invoke/LambdaForm$MH+0x0000000100398400'
Event: 3028.011 Thread 0x0000026238d02930 Unloading class 0x0000000100399c00 'java/lang/invoke/LambdaForm$MH+0x0000000100399c00'
Event: 3093.477 Thread 0x0000026238d02930 Unloading class 0x00000001008c9c00 'jdk/internal/reflect/GeneratedConstructorAccessor48'
Event: 3093.478 Thread 0x0000026238d02930 Unloading class 0x00000001008c9800 'jdk/internal/reflect/GeneratedConstructorAccessor47'
Event: 3093.478 Thread 0x0000026238d02930 Unloading class 0x0000000100258c00 'jdk/internal/reflect/GeneratedConstructorAccessor46'
Event: 3093.478 Thread 0x0000026238d02930 Unloading class 0x0000000100258800 'jdk/internal/reflect/GeneratedConstructorAccessor45'
Event: 3199.305 Thread 0x0000026238d02930 Unloading class 0x00000001003a2800 'java/lang/invoke/LambdaForm$MH+0x00000001003a2800'
Event: 3199.305 Thread 0x0000026238d02930 Unloading class 0x00000001003a3000 'java/lang/invoke/LambdaForm$MH+0x00000001003a3000'
Event: 3199.305 Thread 0x0000026238d02930 Unloading class 0x00000001003a3800 'java/lang/invoke/LambdaForm$MH+0x00000001003a3800'
Event: 3199.305 Thread 0x0000026238d02930 Unloading class 0x00000001003a9c00 'java/lang/invoke/LambdaForm$MH+0x00000001003a9c00'
Event: 3199.305 Thread 0x0000026238d02930 Unloading class 0x0000000100438000 'java/lang/invoke/LambdaForm$MH+0x0000000100438000'
Event: 3199.305 Thread 0x0000026238d02930 Unloading class 0x00000001005c4400 'java/lang/invoke/LambdaForm$MH+0x00000001005c4400'
Event: 3315.921 Thread 0x0000026238d02930 Unloading class 0x00000001008c5c00 'java/lang/invoke/LambdaForm$MH+0x00000001008c5c00'
Event: 3756.420 Thread 0x0000026238d02930 Unloading class 0x0000000100920800 'java/lang/invoke/LambdaForm$MH+0x0000000100920800'
Event: 3756.420 Thread 0x0000026238d02930 Unloading class 0x0000000100920400 'java/lang/invoke/LambdaForm$MH+0x0000000100920400'
Event: 3756.420 Thread 0x0000026238d02930 Unloading class 0x0000000100920000 'java/lang/invoke/LambdaForm$MH+0x0000000100920000'
Event: 3906.479 Thread 0x0000026238d02930 Unloading class 0x000000010021e400 'java/lang/invoke/LambdaForm$MH+0x000000010021e400'
Event: 3906.479 Thread 0x0000026238d02930 Unloading class 0x000000010021e000 'java/lang/invoke/LambdaForm$MH+0x000000010021e000'
Event: 3906.479 Thread 0x0000026238d02930 Unloading class 0x000000010021dc00 'java/lang/invoke/LambdaForm$MH+0x000000010021dc00'

Classes redefined (0 events):
No events

Internal exceptions (20 events):
Event: 4131.168 Thread 0x000002623a982550 Exception <a 'java/lang/ClassNotFoundException'{0x00000000eb74c938}: sun/net/www/protocol/jdt/Handler> (0x00000000eb74c938) 
thrown [s\src\hotspot\share\classfile\systemDictionary.cpp, line 256]
Event: 4131.168 Thread 0x000002623a982550 Exception <a 'java/lang/ClassNotFoundException'{0x00000000eb74eb98}: sun/net/www/protocol/jdt/Handler> (0x00000000eb74eb98) 
thrown [s\src\hotspot\share\classfile\systemDictionary.cpp, line 256]
Event: 4131.168 Thread 0x000002623a982550 Exception <a 'java/lang/ClassNotFoundException'{0x00000000eb750df8}: sun/net/www/protocol/jdt/Handler> (0x00000000eb750df8) 
thrown [s\src\hotspot\share\classfile\systemDictionary.cpp, line 256]
Event: 4131.168 Thread 0x000002623a982550 Exception <a 'java/lang/ClassNotFoundException'{0x00000000eb7530a0}: sun/net/www/protocol/jdt/Handler> (0x00000000eb7530a0) 
thrown [s\src\hotspot\share\classfile\systemDictionary.cpp, line 256]
Event: 4131.168 Thread 0x000002623a982550 Exception <a 'java/lang/ClassNotFoundException'{0x00000000eb755300}: sun/net/www/protocol/jdt/Handler> (0x00000000eb755300) 
thrown [s\src\hotspot\share\classfile\systemDictionary.cpp, line 256]
Event: 4131.168 Thread 0x000002623a982550 Exception <a 'java/lang/ClassNotFoundException'{0x00000000eb757560}: sun/net/www/protocol/jdt/Handler> (0x00000000eb757560) 
thrown [s\src\hotspot\share\classfile\systemDictionary.cpp, line 256]
Event: 4131.615 Thread 0x000002623a982550 Exception <a 'java/lang/ClassNotFoundException'{0x00000000eb508158}: sun/net/www/protocol/jdt/Handler> (0x00000000eb508158) 
thrown [s\src\hotspot\share\classfile\systemDictionary.cpp, line 256]
Event: 4131.615 Thread 0x000002623a982550 Exception <a 'java/lang/ClassNotFoundException'{0x00000000eb50c2a0}: sun/net/www/protocol/jdt/Handler> (0x00000000eb50c2a0) 
thrown [s\src\hotspot\share\classfile\systemDictionary.cpp, line 256]
Event: 4131.616 Thread 0x000002623a982550 Exception <a 'java/lang/ClassNotFoundException'{0x00000000eb50e500}: sun/net/www/protocol/jdt/Handler> (0x00000000eb50e500) 
thrown [s\src\hotspot\share\classfile\systemDictionary.cpp, line 256]
Event: 4131.616 Thread 0x000002623a982550 Exception <a 'java/lang/ClassNotFoundException'{0x00000000eb510760}: sun/net/www/protocol/jdt/Handler> (0x00000000eb510760) 
thrown [s\src\hotspot\share\classfile\systemDictionary.cpp, line 256]
Event: 4131.616 Thread 0x000002623a982550 Exception <a 'java/lang/ClassNotFoundException'{0x00000000eb5129e8}: sun/net/www/protocol/jdt/Handler> (0x00000000eb5129e8) 
thrown [s\src\hotspot\share\classfile\systemDictionary.cpp, line 256]
Event: 4131.616 Thread 0x000002623a982550 Exception <a 'java/lang/ClassNotFoundException'{0x00000000eb514c48}: sun/net/www/protocol/jdt/Handler> (0x00000000eb514c48) 
thrown [s\src\hotspot\share\classfile\systemDictionary.cpp, line 256]
Event: 4131.616 Thread 0x000002623a982550 Exception <a 'java/lang/ClassNotFoundException'{0x00000000eb516ee0}: sun/net/www/protocol/jdt/Handler> (0x00000000eb516ee0) 
thrown [s\src\hotspot\share\classfile\systemDictionary.cpp, line 256]
Event: 4131.616 Thread 0x000002623a982550 Exception <a 'java/lang/ClassNotFoundException'{0x00000000eb519140}: sun/net/www/protocol/jdt/Handler> (0x00000000eb519140) 
thrown [s\src\hotspot\share\classfile\systemDictionary.cpp, line 256]
Event: 4131.616 Thread 0x000002623a982550 Exception <a 'java/lang/ClassNotFoundException'{0x00000000eb51b3a0}: sun/net/www/protocol/jdt/Handler> (0x00000000eb51b3a0) 
thrown [s\src\hotspot\share\classfile\systemDictionary.cpp, line 256]
Event: 4131.616 Thread 0x000002623a982550 Exception <a 'java/lang/ClassNotFoundException'{0x00000000eb51d648}: sun/net/www/protocol/jdt/Handler> (0x00000000eb51d648) 
thrown [s\src\hotspot\share\classfile\systemDictionary.cpp, line 256]
Event: 4131.616 Thread 0x000002623a982550 Exception <a 'java/lang/ClassNotFoundException'{0x00000000eb51f8a8}: sun/net/www/protocol/jdt/Handler> (0x00000000eb51f8a8) 
thrown [s\src\hotspot\share\classfile\systemDictionary.cpp, line 256]
Event: 4131.616 Thread 0x000002623a982550 Exception <a 'java/lang/ClassNotFoundException'{0x00000000eb521b08}: sun/net/www/protocol/jdt/Handler> (0x00000000eb521b08) 
thrown [s\src\hotspot\share\classfile\systemDictionary.cpp, line 256]
Event: 4132.402 Thread 0x000002623a982550 Exception <a 'java/lang/ClassNotFoundException'{0x00000000eadfb908}: sun/net/www/protocol/jdt/Handler> (0x00000000eadfb908) 
thrown [s\src\hotspot\share\classfile\systemDictionary.cpp, line 256]
Event: 4132.402 Thread 0x000002623a982550 Exception <a 'java/lang/ClassNotFoundException'{0x00000000eadfd820}: sun/net/www/protocol/jdt/Handler> (0x00000000eadfd820) 
thrown [s\src\hotspot\share\classfile\systemDictionary.cpp, line 256]

VM Operations (20 events):
Event: 4245.952 Executing VM operation: ParallelGCFailedAllocation done
Event: 4247.209 Executing VM operation: ParallelGCFailedAllocation
Event: 4247.211 Executing VM operation: ParallelGCFailedAllocation done
Event: 4248.518 Executing VM operation: ParallelGCFailedAllocation
Event: 4248.521 Executing VM operation: ParallelGCFailedAllocation done
Event: 4261.831 Executing VM operation: ParallelGCFailedAllocation
Event: 4261.835 Executing VM operation: ParallelGCFailedAllocation done
Event: 4263.844 Executing VM operation: Cleanup
Event: 4263.845 Executing VM operation: Cleanup done
Event: 4269.464 Executing VM operation: HandshakeAllThreads
Event: 4269.464 Executing VM operation: HandshakeAllThreads done
Event: 4272.646 Executing VM operation: ParallelGCFailedAllocation
Event: 4272.651 Executing VM operation: ParallelGCFailedAllocation done
Event: 4274.113 Executing VM operation: ParallelGCFailedAllocation
Event: 4274.118 Executing VM operation: ParallelGCFailedAllocation done
Event: 4276.125 Executing VM operation: Cleanup
Event: 4276.126 Executing VM operation: Cleanup done
Event: 4288.799 Executing VM operation: ParallelGCFailedAllocation
Event: 4288.801 Executing VM operation: ParallelGCFailedAllocation done
Event: 4290.500 Executing VM operation: ParallelGCFailedAllocation

Events (20 events):
Event: 4223.138 Thread 0x0000026238d2fa20 flushing nmethod 0x00000262241e8010
Event: 4223.138 Thread 0x0000026238d2fa20 flushing nmethod 0x00000262241ef690
Event: 4223.138 Thread 0x0000026238d2fa20 flushing nmethod 0x000002622420a290
Event: 4223.138 Thread 0x0000026238d2fa20 flushing nmethod 0x0000026224229610
Event: 4223.138 Thread 0x0000026238d2fa20 flushing nmethod 0x000002622422df90
Event: 4223.138 Thread 0x0000026238d2fa20 flushing nmethod 0x00000262242c1990
Event: 4223.138 Thread 0x0000026238d2fa20 flushing nmethod 0x00000262242d3a90
Event: 4223.138 Thread 0x0000026238d2fa20 flushing nmethod 0x00000262242e6a10
Event: 4223.138 Thread 0x0000026238d2fa20 flushing nmethod 0x00000262242ee610
Event: 4223.139 Thread 0x0000026238d2fa20 flushing nmethod 0x00000262243d3090
Event: 4223.139 Thread 0x0000026238d2fa20 flushing nmethod 0x000002622440dc90
Event: 4223.139 Thread 0x0000026238d2fa20 flushing nmethod 0x0000026224415d90
Event: 4223.139 Thread 0x0000026238d2fa20 flushing nmethod 0x000002622448db10
Event: 4223.139 Thread 0x0000026238d2fa20 flushing nmethod 0x00000262244c0e10
Event: 4223.139 Thread 0x0000026238d2fa20 flushing nmethod 0x00000262244fdf90
Event: 4223.139 Thread 0x0000026238d2fa20 flushing nmethod 0x000002622456ab90
Event: 4223.139 Thread 0x0000026238d2fa20 flushing nmethod 0x0000026224589f90
Event: 4223.140 Thread 0x0000026238d2fa20 flushing nmethod 0x0000026224632310
Event: 4223.140 Thread 0x0000026238d2fa20 flushing nmethod 0x000002622468a990
Event: 4255.444 Thread 0x000002623a982550 Thread exited: 0x000002623a982550


Dynamic libraries:
0x00007ff70e110000 - 0x00007ff70e11e000 	c:\Users\kipru\.vscode\extensions\redhat.java-1.30.0-win32-x64\jre\17.0.10-win32-x86_64\bin\java.exe
0x00007ffef8ff0000 - 0x00007ffef9207000 	C:\WINDOWS\SYSTEM32\ntdll.dll
0x00007ffef8040000 - 0x00007ffef8104000 	C:\WINDOWS\System32\KERNEL32.DLL
0x00007ffef68c0000 - 0x00007ffef6c67000 	C:\WINDOWS\System32\KERNELBASE.dll
0x00007ffef6680000 - 0x00007ffef6791000 	C:\WINDOWS\System32\ucrtbase.dll
0x00007ffe8ca00000 - 0x00007ffe8ca17000 	c:\Users\kipru\.vscode\extensions\redhat.java-1.30.0-win32-x64\jre\17.0.10-win32-x86_64\bin\jli.dll
0x00007ffe8bda0000 - 0x00007ffe8bdbb000 	c:\Users\kipru\.vscode\extensions\redhat.java-1.30.0-win32-x64\jre\17.0.10-win32-x86_64\bin\VCRUNTIME140.dll
0x00007ffef7df0000 - 0x00007ffef7f9e000 	C:\WINDOWS\System32\USER32.dll
0x00007ffef6540000 - 0x00007ffef6566000 	C:\WINDOWS\System32\win32u.dll
0x00007ffef5550000 - 0x00007ffef57e3000 	C:\WINDOWS\WinSxS\amd64_microsoft.windows.common-controls_6595b64144ccf1df_6.0.22621.3527_none_270e469b73872a76\COMCTL32.dll
0x00007ffef7c60000 - 0x00007ffef7c89000 	C:\WINDOWS\System32\GDI32.dll
0x00007ffef67a0000 - 0x00007ffef68b9000 	C:\WINDOWS\System32\gdi32full.dll
0x00007ffef87d0000 - 0x00007ffef8877000 	C:\WINDOWS\System32\msvcrt.dll
0x00007ffef65e0000 - 0x00007ffef667a000 	C:\WINDOWS\System32\msvcp_win.dll
0x00007ffef89d0000 - 0x00007ffef8a01000 	C:\WINDOWS\System32\IMM32.DLL
0x00007ffedb140000 - 0x00007ffedb14c000 	c:\Users\kipru\.vscode\extensions\redhat.java-1.30.0-win32-x64\jre\17.0.10-win32-x86_64\bin\vcruntime140_1.dll
0x00007ffe84640000 - 0x00007ffe846cd000 	c:\Users\kipru\.vscode\extensions\redhat.java-1.30.0-win32-x64\jre\17.0.10-win32-x86_64\bin\msvcp140.dll
0x00007ffe4db20000 - 0x00007ffe4e782000 	c:\Users\kipru\.vscode\extensions\redhat.java-1.30.0-win32-x64\jre\17.0.10-win32-x86_64\bin\server\jvm.dll
0x00007ffef8910000 - 0x00007ffef89c2000 	C:\WINDOWS\System32\ADVAPI32.dll
0x00007ffef8420000 - 0x00007ffef84c8000 	C:\WINDOWS\System32\sechost.dll
0x00007ffef6c70000 - 0x00007ffef6c98000 	C:\WINDOWS\System32\bcrypt.dll
0x00007ffef84d0000 - 0x00007ffef85e5000 	C:\WINDOWS\System32\RPCRT4.dll
0x00007ffee9f20000 - 0x00007ffee9f54000 	C:\WINDOWS\SYSTEM32\WINMM.dll
0x00007ffeee550000 - 0x00007ffeee55a000 	C:\WINDOWS\SYSTEM32\VERSION.dll
0x00007ffeda430000 - 0x00007ffeda439000 	C:\WINDOWS\SYSTEM32\WSOCK32.dll
0x00007ffef7ae0000 - 0x00007ffef7b51000 	C:\WINDOWS\System32\WS2_32.dll
0x00007ffef5c00000 - 0x00007ffef5c4d000 	C:\WINDOWS\SYSTEM32\POWRPROF.dll
0x00007ffef58f0000 - 0x00007ffef5903000 	C:\WINDOWS\SYSTEM32\UMPDC.dll
0x00007ffef4ae0000 - 0x00007ffef4af8000 	C:\WINDOWS\SYSTEM32\kernel.appcore.dll
0x00007ffed9fc0000 - 0x00007ffed9fca000 	c:\Users\kipru\.vscode\extensions\redhat.java-1.30.0-win32-x64\jre\17.0.10-win32-x86_64\bin\jimage.dll
0x00007ffef5c50000 - 0x00007ffef5e83000 	C:\WINDOWS\SYSTEM32\DBGHELP.DLL
0x00007ffef8a10000 - 0x00007ffef8d98000 	C:\WINDOWS\System32\combase.dll
0x00007ffef8180000 - 0x00007ffef8257000 	C:\WINDOWS\System32\OLEAUT32.dll
0x00007ffef5af0000 - 0x00007ffef5b22000 	C:\WINDOWS\SYSTEM32\dbgcore.DLL
0x00007ffef6ca0000 - 0x00007ffef6d19000 	C:\WINDOWS\System32\bcryptPrimitives.dll
0x00007ffed9e20000 - 0x00007ffed9e2e000 	c:\Users\kipru\.vscode\extensions\redhat.java-1.30.0-win32-x64\jre\17.0.10-win32-x86_64\bin\instrument.dll
0x00007ffe85700000 - 0x00007ffe85725000 	c:\Users\kipru\.vscode\extensions\redhat.java-1.30.0-win32-x64\jre\17.0.10-win32-x86_64\bin\java.dll
0x00007ffe88590000 - 0x00007ffe885a8000 	c:\Users\kipru\.vscode\extensions\redhat.java-1.30.0-win32-x64\jre\17.0.10-win32-x86_64\bin\zip.dll
0x00007ffef6d30000 - 0x00007ffef758c000 	C:\WINDOWS\System32\SHELL32.dll
0x00007ffef3870000 - 0x00007ffef4166000 	C:\WINDOWS\SYSTEM32\windows.storage.dll
0x00007ffef3700000 - 0x00007ffef383e000 	C:\WINDOWS\SYSTEM32\wintypes.dll
0x00007ffef7b60000 - 0x00007ffef7c55000 	C:\WINDOWS\System32\SHCORE.dll
0x00007ffef8880000 - 0x00007ffef88de000 	C:\WINDOWS\System32\shlwapi.dll
0x00007ffef6240000 - 0x00007ffef6261000 	C:\WINDOWS\SYSTEM32\profapi.dll
0x00007ffe87fa0000 - 0x00007ffe87fb9000 	C:\Users\kipru\.vscode\extensions\redhat.java-1.30.0-win32-x64\jre\17.0.10-win32-x86_64\bin\net.dll
0x00007ffeed5d0000 - 0x00007ffeed706000 	C:\WINDOWS\SYSTEM32\WINHTTP.dll
0x00007ffef4f10000 - 0x00007ffef4f79000 	C:\WINDOWS\system32\mswsock.dll
0x00007ffe87520000 - 0x00007ffe87536000 	C:\Users\kipru\.vscode\extensions\redhat.java-1.30.0-win32-x64\jre\17.0.10-win32-x86_64\bin\nio.dll
0x00007ffed9a00000 - 0x00007ffed9a10000 	c:\Users\kipru\.vscode\extensions\redhat.java-1.30.0-win32-x64\jre\17.0.10-win32-x86_64\bin\verify.dll
0x00007ffe8be20000 - 0x00007ffe8be5e000 	C:\Users\kipru\AppData\Roaming\Code\User\globalStorage\redhat.java\1.30.0\config_win\org.eclipse.equinox.launcher\org.eclipse.equinox.launcher.win32.win32.x86_64_1.2.900.v20240213-1244\eclipse_11900.dll
0x00007ffef8da0000 - 0x00007ffef8f45000 	C:\WINDOWS\System32\ole32.dll
0x00007ffef5fa0000 - 0x00007ffef5fbb000 	C:\WINDOWS\SYSTEM32\CRYPTSP.dll
0x00007ffef5010000 - 0x00007ffef5045000 	C:\WINDOWS\system32\rsaenh.dll
0x00007ffef5340000 - 0x00007ffef5368000 	C:\WINDOWS\SYSTEM32\USERENV.dll
0x00007ffef5370000 - 0x00007ffef537c000 	C:\WINDOWS\SYSTEM32\CRYPTBASE.dll
0x00007ffef4570000 - 0x00007ffef459d000 	C:\WINDOWS\SYSTEM32\IPHLPAPI.DLL
0x00007ffef7640000 - 0x00007ffef7649000 	C:\WINDOWS\System32\NSI.dll
0x00007ffeed410000 - 0x00007ffeed429000 	C:\WINDOWS\SYSTEM32\dhcpcsvc6.DLL
0x00007ffeed3f0000 - 0x00007ffeed40f000 	C:\WINDOWS\SYSTEM32\dhcpcsvc.DLL
0x00007ffef45f0000 - 0x00007ffef46e9000 	C:\WINDOWS\SYSTEM32\DNSAPI.dll
0x00007ffebc800000 - 0x00007ffebc845000 	C:\Users\kipru\AppData\Local\Temp\jna-102056085\jna17117297842479896949.dll
0x00007ffef6d20000 - 0x00007ffef6d28000 	C:\WINDOWS\System32\PSAPI.DLL
0x00007ffef1e50000 - 0x00007ffef1e5e000 	C:\Users\kipru\.vscode\extensions\redhat.java-1.30.0-win32-x64\jre\17.0.10-win32-x86_64\bin\sunmscapi.dll
0x00007ffef6310000 - 0x00007ffef6477000 	C:\WINDOWS\System32\CRYPT32.dll
0x00007ffef5520000 - 0x00007ffef554e000 	C:\WINDOWS\SYSTEM32\ncrypt.dll
0x00007ffef54e0000 - 0x00007ffef5517000 	C:\WINDOWS\SYSTEM32\NTASN1.dll
0x00007ffee9d10000 - 0x00007ffee9d1a000 	C:\Windows\System32\rasadhlp.dll
0x00007ffee9da0000 - 0x00007ffee9e23000 	C:\WINDOWS\System32\fwpuclnt.dll
0x00007ffef1de0000 - 0x00007ffef1de9000 	C:\Users\kipru\.vscode\extensions\redhat.java-1.30.0-win32-x64\jre\17.0.10-win32-x86_64\bin\extnet.dll

dbghelp: loaded successfully - version: 4.0.5 - missing functions: none
symbol engine: initialized successfully - sym options: 0x614 - pdb path: .;c:\Users\kipru\.vscode\extensions\redhat.java-1.30.0-win32-x64\jre\17.0.10-win32-x86_64\bin;C:\WINDOWS\SYSTEM32;C:\WINDOWS\WinSxS\amd64_microsoft.windows.common-controls_6595b64144ccf1df_6.0.22621.3527_none_270e469b73872a76;c:\Users\kipru\.vscode\extensions\redhat.java-1.30.0-win32-x64\jre\17.0.10-win32-x86_64\bin\server;C:\Users\kipru\AppData\Roaming\Code\User\globalStorage\redhat.java\1.30.0\config_win\org.eclipse.equinox.launcher\org.eclipse.equinox.launcher.win32.win32.x86_64_1.2.900.v20240213-1244;C:\Users\kipru\AppData\Local\Temp\jna-102056085

VM Arguments:
jvm_args: --add-modules=ALL-SYSTEM --add-opens=java.base/java.util=ALL-UNNAMED --add-opens=java.base/java.lang=ALL-UNNAMED --add-opens=java.base/sun.nio.fs=ALL-UNNAMED -Declipse.application=org.eclipse.jdt.ls.core.id1 -Dosgi.bundles.defaultStartLevel=4 -Declipse.product=org.eclipse.jdt.ls.core.product -Djava.import.generatesMetadataFilesAtProjectRoot=false -DDetectVMInstallationsJob.disabled=true -Dfile.encoding=utf8 -XX:+UseParallelGC -XX:GCTimeRatio=4 -XX:AdaptiveSizePolicyWeight=90 -Dsun.zip.disableMemoryMapping=true -Xmx1G -Xms100m -Xlog:disable -javaagent:c:\Users\kipru\.vscode\extensions\redhat.java-1.30.0-win32-x64\lombok\lombok-1.18.32.jar -XX:+HeapDumpOnOutOfMemoryError -XX:HeapDumpPath=c:\Users\kipru\AppData\Roaming\Code\User\workspaceStorage\350acb8c17c7b442d453b260da2a20fe\redhat.java -Daether.dependencyCollector.impl=bf 
java_command: c:\Users\kipru\.vscode\extensions\redhat.java-1.30.0-win32-x64\server\plugins\org.eclipse.equinox.launcher_1.6.800.v20240330-1250.jar -configuration c:\Users\kipru\AppData\Roaming\Code\User\globalStorage\redhat.java\1.30.0\config_win -data c:\Users\kipru\AppData\Roaming\Code\User\workspaceStorage\350acb8c17c7b442d453b260da2a20fe\redhat.java\jdt_ws --pipe=\\.\pipe\lsp-ebe32131da088c68359fb1d5b8a2860f-sock
java_class_path (initial): c:\Users\kipru\.vscode\extensions\redhat.java-1.30.0-win32-x64\server\plugins\org.eclipse.equinox.launcher_1.6.800.v20240330-1250.jar
Launcher Type: SUN_STANDARD

[Global flags]
    uintx AdaptiveSizePolicyWeight                 = 90                                        {product} {command line}
     intx CICompilerCount                          = 4                                         {product} {ergonomic}
    uintx GCTimeRatio                              = 4                                         {product} {command line}
     bool HeapDumpOnOutOfMemoryError               = true                                   {manageable} {command line}
    ccstr HeapDumpPath                             = c:\Users\kipru\AppData\Roaming\Code\User\workspaceStorage\350acb8c17c7b442d453b260da2a20fe\redhat.java         {manageable} {command line}
   size_t InitialHeapSize                          = 104857600                                 {product} {command line}
   size_t MaxHeapSize                              = 1073741824                                {product} {command line}
   size_t MaxNewSize                               = 357564416                                 {product} {ergonomic}
   size_t MinHeapDeltaBytes                        = 524288                                    {product} {ergonomic}
   size_t MinHeapSize                              = 104857600                                 {product} {command line}
   size_t NewSize                                  = 34603008                                  {product} {ergonomic}
    uintx NonNMethodCodeHeapSize                   = 5839372                                {pd product} {ergonomic}
    uintx NonProfiledCodeHeapSize                  = 122909434                              {pd product} {ergonomic}
   size_t OldSize                                  = 70254592                                  {product} {ergonomic}
    uintx ProfiledCodeHeapSize                     = 122909434                              {pd product} {ergonomic}
    uintx ReservedCodeCacheSize                    = 251658240                              {pd product} {ergonomic}
     bool SegmentedCodeCache                       = true                                      {product} {ergonomic}
   size_t SoftMaxHeapSize                          = 1073741824                             {manageable} {ergonomic}
     bool UseCompressedClassPointers               = true                           {product lp64_product} {ergonomic}
     bool UseCompressedOops                        = true                           {product lp64_product} {ergonomic}
     bool UseLargePagesIndividualAllocation        = false                                  {pd product} {ergonomic}
     bool UseParallelGC                            = true                                      {product} {command line}

Logging:
Log output configuration:
 #0: stdout all=off uptime,level,tags
 #1: stderr all=off uptime,level,tags

Environment Variables:
JAVA_HOME=C:\Users\kipru\AppData\Local\Programs\Eclipse Adoptium\jdk-17.0.9.9-hotspot\
PATH=C:\WINDOWS\system32;C:\WINDOWS;C:\WINDOWS\System32\Wbem;C:\WINDOWS\System32\WindowsPowerShell\v1.0\;C:\WINDOWS\System32\OpenSSH\;C:\Program Files\dotnet\;C:\Users\kipru\AppData\Local\Programs\Eclipse Adoptium\jdk-17.0.9.9-hotspot\bin;C:\Users\kipru\AppData\Local\Microsoft\WindowsApps;;C:\Users\kipru\AppData\Local\Programs\Microsoft VS Code\bin;C:\Users\kipru\.dotnet\tools
USERNAME=kipru
OS=Windows_NT
PROCESSOR_IDENTIFIER=Intel64 Family 6 Model 140 Stepping 1, GenuineIntel
TMP=C:\Users\kipru\AppData\Local\Temp
TEMP=C:\Users\kipru\AppData\Local\Temp



Periodic native trim disabled


---------------  S Y S T E M  ---------------

OS:
 Windows 11 , 64 bit Build 22621 (10.0.22621.3527)
OS uptime: 0 days 17:12 hours

CPU: total 8 (initial active 8) (4 cores per cpu, 2 threads per core) family 6 model 140 stepping 1 microcode 0xb6, cx8, cmov, fxsr, ht, mmx, 3dnowpref, sse, sse2, sse3, ssse3, sse4.1, sse4.2, popcnt, lzcnt, tsc, tscinvbit, avx, avx2, aes, erms, clmul, bmi1, bmi2, adx, avx512f, avx512dq, avx512cd, avx512bw, avx512vl, sha, fma, vzeroupper, avx512_vpopcntdq, avx512_vpclmulqdq, avx512_vaes, avx512_vnni, clflush, clflushopt, clwb, avx512_vbmi2, avx512_vbmi
Processor Information for all 8 processors :
  Max Mhz: 2803, Current Mhz: 1201, Mhz Limit: 1177

Memory: 4k page, system-wide physical 16107M (9460M free)
TotalPageFile size 17131M (AvailPageFile size 9860M)
current process WorkingSet (physical memory assigned to process): 453M, peak: 489M
current process commit charge ("private bytes"): 471M, peak: 517M

vm_info: OpenJDK 64-Bit Server VM (17.0.10+7) for windows-amd64 JRE (17.0.10+7), built on Jan 16 2024 23:25:11 by "admin" with MS VC++ 16.10 / 16.11 (VS2019)

END.
